build/outputs/logs/manifest-merger-App-debug-report.txt
-- Merging decision tree log ---
manifest
ADDED from samples/Skeleton/AndroidManifest.xml:2:1-53:12
	package
		ADDED from samples/Skeleton/AndroidManifest.xml:3:11-49
		INJECTED from samples/Skeleton/AndroidManifest.xml
		INJECTED from samples/Skeleton/AndroidManifest.xml
	android:versionName
		ADDED from samples/Skeleton/AndroidManifest.xml:5:11-40
		INJECTED from samples/Skeleton/AndroidManifest.xml
		INJECTED from samples/Skeleton/AndroidManifest.xml
	android:versionCode
		ADDED from samples/Skeleton/AndroidManifest.xml:4:11-34
		INJECTED from samples/Skeleton/AndroidManifest.xml
		INJECTED from samples/Skeleton/AndroidManifest.xml
	xmlns:android
		ADDED from samples/Skeleton/AndroidManifest.xml:2:11-69
uses-permission#android.permission.INTERNET
ADDED from samples/Skeleton/AndroidManifest.xml:7:5-66
MERGED from [Skeleton:GDLibrary:unspecified] AndroidManifest.xml:10:5-67
	android:name
		ADDED from samples/Skeleton/AndroidManifest.xml:7:22-64
uses-permission#android.permission.CALL_PHONE
ADDED from samples/Skeleton/AndroidManifest.xml:8:5-69
	android:name
		ADDED from samples/Skeleton/AndroidManifest.xml:8:22-66
application
ADDED from samples/Skeleton/AndroidManifest.xml:10:5-52:19
MERGED from [Skeleton:GDLibrary:unspecified] AndroidManifest.xml:17:5-85:19
MERGED from [Skeleton:GDLibrary_BackupSupport:unspecified] AndroidManifest.xml:10:5-11:19
MERGED from [com.android.support:appcompat-v7:24.2.1] AndroidManifest.xml:25:5-20
MERGED from [com.android.support:support-v4:24.2.1] AndroidManifest.xml:25:5-20
MERGED from [com.android.support:support-compat:24.2.1] AndroidManifest.xml:25:5-20
MERGED from [com.android.support:support-media-compat:24.2.1] AndroidManifest.xml:25:5-20
MERGED from [com.android.support:support-compat:24.2.1] AndroidManifest.xml:25:5-20
MERGED from [com.android.support:support-core-utils:24.2.1] AndroidManifest.xml:25:5-20
MERGED from [com.android.support:support-compat:24.2.1] AndroidManifest.xml:25:5-20
MERGED from [com.android.support:support-core-ui:24.2.1] AndroidManifest.xml:25:5-20
MERGED from [com.android.support:support-compat:24.2.1] AndroidManifest.xml:25:5-20
MERGED from [com.android.support:support-fragment:24.2.1] AndroidManifest.xml:25:5-20
MERGED from [com.android.support:support-compat:24.2.1] AndroidManifest.xml:25:5-20
MERGED from [com.android.support:support-media-compat:24.2.1] AndroidManifest.xml:25:5-20
MERGED from [com.android.support:support-compat:24.2.1] AndroidManifest.xml:25:5-20
MERGED from [com.android.support:support-core-ui:24.2.1] AndroidManifest.xml:25:5-20
MERGED from [com.android.support:support-compat:24.2.1] AndroidManifest.xml:25:5-20
MERGED from [com.android.support:support-core-utils:24.2.1] AndroidManifest.xml:25:5-20
MERGED from [com.android.support:support-compat:24.2.1] AndroidManifest.xml:25:5-20
MERGED from [com.android.support:support-vector-drawable:24.2.1] AndroidManifest.xml:23:5-20
MERGED from [com.android.support:support-compat:24.2.1] AndroidManifest.xml:25:5-20
MERGED from [com.android.support:animated-vector-drawable:24.2.1] AndroidManifest.xml:22:5-20
MERGED from [com.android.support:support-vector-drawable:24.2.1] AndroidManifest.xml:23:5-20
MERGED from [com.android.support:support-compat:24.2.1] AndroidManifest.xml:25:5-20
MERGED from [com.android.support:design:24.0.0] AndroidManifest.xml:22:5-20
MERGED from [com.android.support:support-v4:24.2.1] AndroidManifest.xml:25:5-20
MERGED from [com.android.support:support-compat:24.2.1] AndroidManifest.xml:25:5-20
MERGED from [com.android.support:support-media-compat:24.2.1] AndroidManifest.xml:25:5-20
MERGED from [com.android.support:support-compat:24.2.1] AndroidManifest.xml:25:5-20
MERGED from [com.android.support:support-core-utils:24.2.1] AndroidManifest.xml:25:5-20
MERGED from [com.android.support:support-compat:24.2.1] AndroidManifest.xml:25:5-20
MERGED from [com.android.support:support-core-ui:24.2.1] AndroidManifest.xml:25:5-20
MERGED from [com.android.support:support-compat:24.2.1] AndroidManifest.xml:25:5-20
MERGED from [com.android.support:support-fragment:24.2.1] AndroidManifest.xml:25:5-20
MERGED from [com.android.support:support-compat:24.2.1] AndroidManifest.xml:25:5-20
MERGED from [com.android.support:support-media-compat:24.2.1] AndroidManifest.xml:25:5-20
MERGED from [com.android.support:support-compat:24.2.1] AndroidManifest.xml:25:5-20
MERGED from [com.android.support:support-core-ui:24.2.1] AndroidManifest.xml:25:5-20
MERGED from [com.android.support:support-compat:24.2.1] AndroidManifest.xml:25:5-20
MERGED from [com.android.support:support-core-utils:24.2.1] AndroidManifest.xml:25:5-20
MERGED from [com.android.support:support-compat:24.2.1] AndroidManifest.xml:25:5-20
MERGED from [com.android.support:support-v4:24.2.1] AndroidManifest.xml:25:5-20
MERGED from [com.android.support:support-compat:24.2.1] AndroidManifest.xml:25:5-20
MERGED from [com.android.support:support-media-compat:24.2.1] AndroidManifest.xml:25:5-20
MERGED from [com.android.support:support-compat:24.2.1] AndroidManifest.xml:25:5-20
MERGED from [com.android.support:support-core-utils:24.2.1] AndroidManifest.xml:25:5-20
MERGED from [com.android.support:support-compat:24.2.1] AndroidManifest.xml:25:5-20
MERGED from [com.android.support:support-core-ui:24.2.1] AndroidManifest.xml:25:5-20
MERGED from [com.android.support:support-compat:24.2.1] AndroidManifest.xml:25:5-20
MERGED from [com.android.support:support-fragment:24.2.1] AndroidManifest.xml:25:5-20
MERGED from [com.android.support:support-compat:24.2.1] AndroidManifest.xml:25:5-20
MERGED from [com.android.support:support-media-compat:24.2.1] AndroidManifest.xml:25:5-20
MERGED from [com.android.support:support-compat:24.2.1] AndroidManifest.xml:25:5-20
MERGED from [com.android.support:support-core-ui:24.2.1] AndroidManifest.xml:25:5-20
MERGED from [com.android.support:support-compat:24.2.1] AndroidManifest.xml:25:5-20
MERGED from [com.android.support:support-core-utils:24.2.1] AndroidManifest.xml:25:5-20
MERGED from [com.android.support:support-compat:24.2.1] AndroidManifest.xml:25:5-20
MERGED from [com.android.support:appcompat-v7:24.2.1] AndroidManifest.xml:25:5-20
MERGED from [com.android.support:support-v4:24.2.1] AndroidManifest.xml:25:5-20
MERGED from [com.android.support:support-compat:24.2.1] AndroidManifest.xml:25:5-20
MERGED from [com.android.support:support-media-compat:24.2.1] AndroidManifest.xml:25:5-20
MERGED from [com.android.support:support-compat:24.2.1] AndroidManifest.xml:25:5-20
MERGED from [com.android.support:support-core-utils:24.2.1] AndroidManifest.xml:25:5-20
MERGED from [com.android.support:support-compat:24.2.1] AndroidManifest.xml:25:5-20
MERGED from [com.android.support:support-core-ui:24.2.1] AndroidManifest.xml:25:5-20
MERGED from [com.android.support:support-compat:24.2.1] AndroidManifest.xml:25:5-20
MERGED from [com.android.support:support-fragment:24.2.1] AndroidManifest.xml:25:5-20
MERGED from [com.android.support:support-compat:24.2.1] AndroidManifest.xml:25:5-20
MERGED from [com.android.support:support-media-compat:24.2.1] AndroidManifest.xml:25:5-20
MERGED from [com.android.support:support-compat:24.2.1] AndroidManifest.xml:25:5-20
MERGED from [com.android.support:support-core-ui:24.2.1] AndroidManifest.xml:25:5-20
MERGED from [com.android.support:support-compat:24.2.1] AndroidManifest.xml:25:5-20
MERGED from [com.android.support:support-core-utils:24.2.1] AndroidManifest.xml:25:5-20
MERGED from [com.android.support:support-compat:24.2.1] AndroidManifest.xml:25:5-20
MERGED from [com.android.support:support-vector-drawable:24.2.1] AndroidManifest.xml:23:5-20
MERGED from [com.android.support:support-compat:24.2.1] AndroidManifest.xml:25:5-20
MERGED from [com.android.support:animated-vector-drawable:24.2.1] AndroidManifest.xml:22:5-20
MERGED from [com.android.support:support-vector-drawable:24.2.1] AndroidManifest.xml:23:5-20
MERGED from [com.android.support:support-compat:24.2.1] AndroidManifest.xml:25:5-20
MERGED from [com.android.volley:volley:1.0.0] AndroidManifest.xml:9:5-20
	android:label
		ADDED from samples/Skeleton/AndroidManifest.xml:12:13-45
	android:supportsRtl
		ADDED from [Skeleton:GDLibrary:unspecified] AndroidManifest.xml:17:18-45
	android:fullBackupContent
		ADDED from samples/Skeleton/AndroidManifest.xml:16:13-62
	android:allowBackup
		ADDED from samples/Skeleton/AndroidManifest.xml:15:13-39
	android:icon
		ADDED from samples/Skeleton/AndroidManifest.xml:14:13-42
	android:theme
		ADDED from samples/Skeleton/AndroidManifest.xml:13:13-58
	android:name
		ADDED from samples/Skeleton/AndroidManifest.xml:11:13-58
activity#com.good.gd.example.skeleton.Skeleton
ADDED from samples/Skeleton/AndroidManifest.xml:19:9-28:20
	android:enabled
		ADDED from samples/Skeleton/AndroidManifest.xml:21:17-39
	android:alwaysRetainTaskState
		ADDED from samples/Skeleton/AndroidManifest.xml:22:17-53
	android:name
		ADDED from samples/Skeleton/AndroidManifest.xml:20:17-69
intent-filter#android.intent.action.MAIN+android.intent.category.LAUNCHER
ADDED from samples/Skeleton/AndroidManifest.xml:24:13-27:29
action#android.intent.action.MAIN
ADDED from samples/Skeleton/AndroidManifest.xml:25:17-69
	android:name
		ADDED from samples/Skeleton/AndroidManifest.xml:25:25-66
category#android.intent.category.LAUNCHER
ADDED from samples/Skeleton/AndroidManifest.xml:26:17-77
	android:name
		ADDED from samples/Skeleton/AndroidManifest.xml:26:27-74
activity#com.good.gd.example.skeleton.SettingsActivity
ADDED from samples/Skeleton/AndroidManifest.xml:29:9-33:20
	android:name
		ADDED from samples/Skeleton/AndroidManifest.xml:29:19-79
intent-filter#android.intent.category.DEFAULT
ADDED from samples/Skeleton/AndroidManifest.xml:30:13-32:29
category#android.intent.category.DEFAULT
ADDED from samples/Skeleton/AndroidManifest.xml:31:17-75
	android:name
		ADDED from samples/Skeleton/AndroidManifest.xml:31:27-73
activity#com.good.gd.example.skeleton.ThirdActivity
ADDED from samples/Skeleton/AndroidManifest.xml:34:9-38:20
	android:name
		ADDED from samples/Skeleton/AndroidManifest.xml:34:19-76
activity#com.good.gd.example.skeleton.ColleagueDetailsActivity
ADDED from samples/Skeleton/AndroidManifest.xml:39:9-43:20
	android:name
		ADDED from samples/Skeleton/AndroidManifest.xml:39:19-87
activity#com.good.gd.example.skeleton.ColleagueManagerDetailsActivity
ADDED from samples/Skeleton/AndroidManifest.xml:44:9-48:20
	android:name
		ADDED from samples/Skeleton/AndroidManifest.xml:44:19-94
meta-data#GDApplicationVersion
ADDED from samples/Skeleton/AndroidManifest.xml:49:9-51:40
	android:value
		ADDED from samples/Skeleton/AndroidManifest.xml:51:13-37
	android:name
		ADDED from samples/Skeleton/AndroidManifest.xml:50:13-48
uses-sdk
INJECTED from samples/Skeleton/AndroidManifest.xml reason: use-sdk injection requested
MERGED from [Skeleton:GDLibrary:unspecified] AndroidManifest.xml:8:5-44
MERGED from [Skeleton:GDLibrary_BackupSupport:unspecified] AndroidManifest.xml:6:5-8:41
MERGED from [com.android.support:appcompat-v7:24.2.1] AndroidManifest.xml:21:5-23:78
MERGED from [com.android.support:support-v4:24.2.1] AndroidManifest.xml:21:5-23:54
MERGED from [com.android.support:support-compat:24.2.1] AndroidManifest.xml:21:5-23:58
MERGED from [com.android.support:support-media-compat:24.2.1] AndroidManifest.xml:21:5-23:63
MERGED from [com.android.support:support-compat:24.2.1] AndroidManifest.xml:21:5-23:58
MERGED from [com.android.support:support-core-utils:24.2.1] AndroidManifest.xml:21:5-23:61
MERGED from [com.android.support:support-compat:24.2.1] AndroidManifest.xml:21:5-23:58
MERGED from [com.android.support:support-core-ui:24.2.1] AndroidManifest.xml:21:5-23:58
MERGED from [com.android.support:support-compat:24.2.1] AndroidManifest.xml:21:5-23:58
MERGED from [com.android.support:support-fragment:24.2.1] AndroidManifest.xml:21:5-23:60
MERGED from [com.android.support:support-compat:24.2.1] AndroidManifest.xml:21:5-23:58
MERGED from [com.android.support:support-media-compat:24.2.1] AndroidManifest.xml:21:5-23:63
MERGED from [com.android.support:support-compat:24.2.1] AndroidManifest.xml:21:5-23:58
MERGED from [com.android.support:support-core-ui:24.2.1] AndroidManifest.xml:21:5-23:58
MERGED from [com.android.support:support-compat:24.2.1] AndroidManifest.xml:21:5-23:58
MERGED from [com.android.support:support-core-utils:24.2.1] AndroidManifest.xml:21:5-23:61
MERGED from [com.android.support:support-compat:24.2.1] AndroidManifest.xml:21:5-23:58
MERGED from [com.android.support:support-vector-drawable:24.2.1] AndroidManifest.xml:21:5-43
MERGED from [com.android.support:support-compat:24.2.1] AndroidManifest.xml:21:5-23:58
MERGED from [com.android.support:animated-vector-drawable:24.2.1] AndroidManifest.xml:20:5-44
MERGED from [com.android.support:support-vector-drawable:24.2.1] AndroidManifest.xml:21:5-43
MERGED from [com.android.support:support-compat:24.2.1] AndroidManifest.xml:21:5-23:58
MERGED from [com.android.support:design:24.0.0] AndroidManifest.xml:20:5-43
MERGED from [com.android.support:support-v4:24.2.1] AndroidManifest.xml:21:5-23:54
MERGED from [com.android.support:support-compat:24.2.1] AndroidManifest.xml:21:5-23:58
MERGED from [com.android.support:support-media-compat:24.2.1] AndroidManifest.xml:21:5-23:63
MERGED from [com.android.support:support-compat:24.2.1] AndroidManifest.xml:21:5-23:58
MERGED from [com.android.support:support-core-utils:24.2.1] AndroidManifest.xml:21:5-23:61
MERGED from [com.android.support:support-compat:24.2.1] AndroidManifest.xml:21:5-23:58
MERGED from [com.android.support:support-core-ui:24.2.1] AndroidManifest.xml:21:5-23:58
MERGED from [com.android.support:support-compat:24.2.1] AndroidManifest.xml:21:5-23:58
MERGED from [com.android.support:support-fragment:24.2.1] AndroidManifest.xml:21:5-23:60
MERGED from [com.android.support:support-compat:24.2.1] AndroidManifest.xml:21:5-23:58
MERGED from [com.android.support:support-media-compat:24.2.1] AndroidManifest.xml:21:5-23:63
MERGED from [com.android.support:support-compat:24.2.1] AndroidManifest.xml:21:5-23:58
MERGED from [com.android.support:support-core-ui:24.2.1] AndroidManifest.xml:21:5-23:58
MERGED from [com.android.support:support-compat:24.2.1] AndroidManifest.xml:21:5-23:58
MERGED from [com.android.support:support-core-utils:24.2.1] AndroidManifest.xml:21:5-23:61
MERGED from [com.android.support:support-compat:24.2.1] AndroidManifest.xml:21:5-23:58
MERGED from [com.android.support:recyclerview-v7:24.0.0] AndroidManifest.xml:20:5-43
MERGED from [com.android.support:support-v4:24.2.1] AndroidManifest.xml:21:5-23:54
MERGED from [com.android.support:support-compat:24.2.1] AndroidManifest.xml:21:5-23:58
MERGED from [com.android.support:support-media-compat:24.2.1] AndroidManifest.xml:21:5-23:63
MERGED from [com.android.support:support-compat:24.2.1] AndroidManifest.xml:21:5-23:58
MERGED from [com.android.support:support-core-utils:24.2.1] AndroidManifest.xml:21:5-23:61
MERGED from [com.android.support:support-compat:24.2.1] AndroidManifest.xml:21:5-23:58
MERGED from [com.android.support:support-core-ui:24.2.1] AndroidManifest.xml:21:5-23:58
MERGED from [com.android.support:support-compat:24.2.1] AndroidManifest.xml:21:5-23:58
MERGED from [com.android.support:support-fragment:24.2.1] AndroidManifest.xml:21:5-23:60
MERGED from [com.android.support:support-compat:24.2.1] AndroidManifest.xml:21:5-23:58
MERGED from [com.android.support:support-media-compat:24.2.1] AndroidManifest.xml:21:5-23:63
MERGED from [com.android.support:support-compat:24.2.1] AndroidManifest.xml:21:5-23:58
MERGED from [com.android.support:support-core-ui:24.2.1] AndroidManifest.xml:21:5-23:58
MERGED from [com.android.support:support-compat:24.2.1] AndroidManifest.xml:21:5-23:58
MERGED from [com.android.support:support-core-utils:24.2.1] AndroidManifest.xml:21:5-23:61
MERGED from [com.android.support:support-compat:24.2.1] AndroidManifest.xml:21:5-23:58
MERGED from [com.android.support:appcompat-v7:24.2.1] AndroidManifest.xml:21:5-23:78
MERGED from [com.android.support:support-v4:24.2.1] AndroidManifest.xml:21:5-23:54
MERGED from [com.android.support:support-compat:24.2.1] AndroidManifest.xml:21:5-23:58
MERGED from [com.android.support:support-media-compat:24.2.1] AndroidManifest.xml:21:5-23:63
MERGED from [com.android.support:support-compat:24.2.1] AndroidManifest.xml:21:5-23:58
MERGED from [com.android.support:support-core-utils:24.2.1] AndroidManifest.xml:21:5-23:61
MERGED from [com.android.support:support-compat:24.2.1] AndroidManifest.xml:21:5-23:58
MERGED from [com.android.support:support-core-ui:24.2.1] AndroidManifest.xml:21:5-23:58
MERGED from [com.android.support:support-compat:24.2.1] AndroidManifest.xml:21:5-23:58
MERGED from [com.android.support:support-fragment:24.2.1] AndroidManifest.xml:21:5-23:60
MERGED from [com.android.support:support-compat:24.2.1] AndroidManifest.xml:21:5-23:58
MERGED from [com.android.support:support-media-compat:24.2.1] AndroidManifest.xml:21:5-23:63
MERGED from [com.android.support:support-compat:24.2.1] AndroidManifest.xml:21:5-23:58
MERGED from [com.android.support:support-core-ui:24.2.1] AndroidManifest.xml:21:5-23:58
MERGED from [com.android.support:support-compat:24.2.1] AndroidManifest.xml:21:5-23:58
MERGED from [com.android.support:support-core-utils:24.2.1] AndroidManifest.xml:21:5-23:61
MERGED from [com.android.support:support-compat:24.2.1] AndroidManifest.xml:21:5-23:58
MERGED from [com.android.support:support-vector-drawable:24.2.1] AndroidManifest.xml:21:5-43
MERGED from [com.android.support:support-compat:24.2.1] AndroidManifest.xml:21:5-23:58
MERGED from [com.android.support:animated-vector-drawable:24.2.1] AndroidManifest.xml:20:5-44
MERGED from [com.android.support:support-vector-drawable:24.2.1] AndroidManifest.xml:21:5-43
MERGED from [com.android.support:support-compat:24.2.1] AndroidManifest.xml:21:5-23:58
MERGED from [com.android.volley:volley:1.0.0] AndroidManifest.xml:7:5-43
	tools:overrideLibrary
		ADDED from [com.android.support:appcompat-v7:24.2.1] AndroidManifest.xml:23:9-75
	android:targetSdkVersion
		INJECTED from samples/Skeleton/AndroidManifest.xml
		INJECTED from samples/Skeleton/AndroidManifest.xml
	android:minSdkVersion
		INJECTED from samples/Skeleton/AndroidManifest.xml
		INJECTED from samples/Skeleton/AndroidManifest.xml
uses-permission#android.permission.ACCESS_NETWORK_STATE
ADDED from [Skeleton:GDLibrary:unspecified] AndroidManifest.xml:11:5-79
	android:name
		ADDED from [Skeleton:GDLibrary:unspecified] AndroidManifest.xml:11:22-76
uses-permission#android.permission.ACCESS_WIFI_STATE
ADDED from [Skeleton:GDLibrary:unspecified] AndroidManifest.xml:12:5-76
	android:name
		ADDED from [Skeleton:GDLibrary:unspecified] AndroidManifest.xml:12:22-73
uses-permission#android.permission.WAKE_LOCK
ADDED from [Skeleton:GDLibrary:unspecified] AndroidManifest.xml:13:5-68
	android:name
		ADDED from [Skeleton:GDLibrary:unspecified] AndroidManifest.xml:13:22-65
uses-permission#android.permission.READ_PHONE_STATE
ADDED from [Skeleton:GDLibrary:unspecified] AndroidManifest.xml:14:5-75
	android:name
		ADDED from [Skeleton:GDLibrary:unspecified] AndroidManifest.xml:14:22-72
uses-permission#android.permission.USE_FINGERPRINT
ADDED from [Skeleton:GDLibrary:unspecified] AndroidManifest.xml:15:5-74
	android:name
		ADDED from [Skeleton:GDLibrary:unspecified] AndroidManifest.xml:15:22-71
activity#com.good.gd.ui.GDInternalActivity
ADDED from [Skeleton:GDLibrary:unspecified] AndroidManifest.xml:24:9-26:58
	android:windowSoftInputMode
		ADDED from [Skeleton:GDLibrary:unspecified] AndroidManifest.xml:26:13-55
	android:name
		ADDED from [Skeleton:GDLibrary:unspecified] AndroidManifest.xml:25:13-61
activity#com.good.gd.ui.runtimepermissions_ui.GDRuntimePermissionsControlActivity
ADDED from [Skeleton:GDLibrary:unspecified] AndroidManifest.xml:29:9-109
	android:name
		ADDED from [Skeleton:GDLibrary:unspecified] AndroidManifest.xml:29:19-106
service#com.good.gd.service.GDService
ADDED from [Skeleton:GDLibrary:unspecified] AndroidManifest.xml:32:9-36:19
	android:enabled
		ADDED from [Skeleton:GDLibrary:unspecified] AndroidManifest.xml:34:13-35
	android:exported
		ADDED from [Skeleton:GDLibrary:unspecified] AndroidManifest.xml:35:13-37
	android:name
		ADDED from [Skeleton:GDLibrary:unspecified] AndroidManifest.xml:33:13-57
service#com.good.gd.service.GDIccService
ADDED from [Skeleton:GDLibrary:unspecified] AndroidManifest.xml:39:9-56:19
	android:enabled
		ADDED from [Skeleton:GDLibrary:unspecified] AndroidManifest.xml:41:13-35
	android:exported
		ADDED from [Skeleton:GDLibrary:unspecified] AndroidManifest.xml:42:13-36
	tools:ignore
		ADDED from [Skeleton:GDLibrary:unspecified] AndroidManifest.xml:43:13-43
	android:name
		ADDED from [Skeleton:GDLibrary:unspecified] AndroidManifest.xml:40:13-60
intent-filter#com.good.gd.intent.action.ACTION_ICC_COMMAND
ADDED from [Skeleton:GDLibrary:unspecified] AndroidManifest.xml:49:13-51:29
action#com.good.gd.intent.action.ACTION_ICC_COMMAND
ADDED from [Skeleton:GDLibrary:unspecified] AndroidManifest.xml:50:17-87
	android:name
		ADDED from [Skeleton:GDLibrary:unspecified] AndroidManifest.xml:50:25-84
meta-data#GD_ICC_VERSION
ADDED from [Skeleton:GDLibrary:unspecified] AndroidManifest.xml:53:13-55:39
	android:value
		ADDED from [Skeleton:GDLibrary:unspecified] AndroidManifest.xml:55:17-36
	android:name
		ADDED from [Skeleton:GDLibrary:unspecified] AndroidManifest.xml:54:17-46
activity#com.good.gt.ndkproxy.icc.IccActivity
ADDED from [Skeleton:GDLibrary:unspecified] AndroidManifest.xml:59:9-68:20
	android:excludeFromRecents
		ADDED from [Skeleton:GDLibrary:unspecified] AndroidManifest.xml:62:13-46
	android:exported
		ADDED from [Skeleton:GDLibrary:unspecified] AndroidManifest.xml:63:13-36
	android:alwaysRetainTaskState
		ADDED from [Skeleton:GDLibrary:unspecified] AndroidManifest.xml:61:13-49
	android:theme
		ADDED from [Skeleton:GDLibrary:unspecified] AndroidManifest.xml:64:13-59
	android:name
		ADDED from [Skeleton:GDLibrary:unspecified] AndroidManifest.xml:60:13-64
activity#com.good.gd.GDIccReceivingActivity
ADDED from [Skeleton:GDLibrary:unspecified] AndroidManifest.xml:69:9-77:20
	android:excludeFromRecents
		ADDED from [Skeleton:GDLibrary:unspecified] AndroidManifest.xml:72:13-46
	android:exported
		ADDED from [Skeleton:GDLibrary:unspecified] AndroidManifest.xml:73:13-36
	android:alwaysRetainTaskState
		ADDED from [Skeleton:GDLibrary:unspecified] AndroidManifest.xml:71:13-49
	android:name
		ADDED from [Skeleton:GDLibrary:unspecified] AndroidManifest.xml:70:13-62
activity#com.good.gd.ui.dialogs.GDDialogActivity
ADDED from [Skeleton:GDLibrary:unspecified] AndroidManifest.xml:78:9-81:55
	android:excludeFromRecents
		ADDED from [Skeleton:GDLibrary:unspecified] AndroidManifest.xml:80:13-46
	android:theme
		ADDED from [Skeleton:GDLibrary:unspecified] AndroidManifest.xml:81:13-52
	android:name
		ADDED from [Skeleton:GDLibrary:unspecified] AndroidManifest.xml:79:13-67
service#com.good.gt.ndkproxy.icc.IccManagerService
ADDED from [Skeleton:GDLibrary:unspecified] AndroidManifest.xml:83:9-84:19
	android:name
		ADDED from [Skeleton:GDLibrary:unspecified] AndroidManifest.xml:83:18-75